This file contains any messages produced by compilers while
running configure, to aid debugging if configure makes a mistake.

It was created by Capn Proto configure 0.2-dev, which was
generated by GNU Autoconf 2.69.  Invocation command line was

  $ ./configure 

## --------- ##
## Platform. ##
## --------- ##

hostname = imac.home
uname -m = x86_64
uname -r = 15.4.0
uname -s = Darwin
uname -v = Darwin Kernel Version 15.4.0: Mon Jan 18 21:24:21 PST 2016; root:xnu-3248.40.166.0.1~6/RELEASE_X86_64

/usr/bin/uname -p = i386
/bin/uname -X     = unknown

/bin/arch              = unknown
/usr/bin/arch -k       = unknown
/usr/convex/getsysinfo = unknown
/usr/bin/hostinfo      = Mach kernel version:
	 Darwin Kernel Version 15.4.0: Mon Jan 18 21:24:21 PST 2016; root:xnu-3248.40.166.0.1~6/RELEASE_X86_64
Kernel configured for up to 8 processors.
4 processors are physically available.
8 processors are logically available.
Processor type: x86_64h (Intel x86-64h Haswell)
Processors active: 0 1 2 3 4 5 6 7
Primary memory available: 32.00 gigabytes
Default processor set: 438 tasks, 3107 threads, 8 processors
Load average: 2.15, Mach factor: 5.84
/bin/machine           = unknown
/usr/bin/oslevel       = unknown
/bin/universe          = unknown

PATH: /usr/local/bin
PATH: /usr/bin
PATH: /bin
PATH: /usr/sbin
PATH: /sbin


## ----------- ##
## Core tests. ##
## ----------- ##

configure:2321: checking for a BSD-compatible install
configure:2389: result: /usr/bin/install -c
configure:2400: checking whether build environment is sane
configure:2455: result: yes
configure:2606: checking for a thread-safe mkdir -p
configure:2645: result: build-aux/install-sh -c -d
configure:2652: checking for gawk
configure:2682: result: no
configure:2652: checking for mawk
configure:2682: result: no
configure:2652: checking for nawk
configure:2682: result: no
configure:2652: checking for awk
configure:2668: found /usr/bin/awk
configure:2679: result: awk
configure:2690: checking whether make sets $(MAKE)
configure:2712: result: yes
configure:2741: checking whether make supports nested variables
configure:2758: result: yes
configure:2892: checking for gcc
configure:2908: found /usr/bin/gcc
configure:2919: result: gcc
configure:3148: checking for C compiler version
configure:3157: gcc --version >&5
Apple LLVM version 7.0.2 (clang-700.1.81)
Target: x86_64-apple-darwin15.4.0
Thread model: posix
Configured with: --prefix=/Applications/Xcode.app/Contents/Developer/usr --with-gxx-include-dir=/Applications/Xcode.app/Contents/Developer/Platforms/MacOSX.platform/Developer/SDKs/MacOSX10.11.sdk/usr/include/c++/4.2.1
configure:3168: $? = 0
configure:3157: gcc -v >&5
Configured with: --prefix=/Applications/Xcode.app/Contents/Developer/usr --with-gxx-include-dir=/Applications/Xcode.app/Contents/Developer/Platforms/MacOSX.platform/Developer/SDKs/MacOSX10.11.sdk/usr/include/c++/4.2.1
Apple LLVM version 7.0.2 (clang-700.1.81)
Target: x86_64-apple-darwin15.4.0
Thread model: posix
configure:3168: $? = 0
configure:3157: gcc -V >&5
clang: error: argument to '-V' is missing (expected 1 value)
clang: error: no input files
configure:3168: $? = 1
configure:3157: gcc -qversion >&5
clang: error: unknown argument: '-qversion'
clang: error: no input files
configure:3168: $? = 1
configure:3188: checking whether the C compiler works
configure:3210: gcc -O2 -DNDEBUG   conftest.c  >&5
configure:3214: $? = 0
configure:3262: result: yes
configure:3265: checking for C compiler default output file name
configure:3267: result: a.out
configure:3273: checking for suffix of executables
configure:3280: gcc -o conftest -O2 -DNDEBUG   conftest.c  >&5
configure:3284: $? = 0
configure:3306: result: 
configure:3328: checking whether we are cross compiling
configure:3336: gcc -o conftest -O2 -DNDEBUG   conftest.c  >&5
configure:3340: $? = 0
configure:3347: ./conftest
configure:3351: $? = 0
configure:3366: result: no
configure:3371: checking for suffix of object files
configure:3393: gcc -c -O2 -DNDEBUG  conftest.c >&5
configure:3397: $? = 0
configure:3418: result: o
configure:3422: checking whether we are using the GNU C compiler
configure:3441: gcc -c -O2 -DNDEBUG  conftest.c >&5
configure:3441: $? = 0
configure:3450: result: yes
configure:3459: checking whether gcc accepts -g
configure:3479: gcc -c -g  conftest.c >&5
configure:3479: $? = 0
configure:3520: result: yes
configure:3537: checking for gcc option to accept ISO C89
configure:3600: gcc  -c -O2 -DNDEBUG  conftest.c >&5
configure:3600: $? = 0
configure:3613: result: none needed
configure:3644: checking for style of include used by make
configure:3672: result: GNU
configure:3698: checking dependency style of gcc
configure:3809: result: gcc3
configure:3882: checking for g++
configure:3898: found /usr/bin/g++
configure:3909: result: g++
configure:3936: checking for C++ compiler version
configure:3945: g++ --version >&5
Apple LLVM version 7.0.2 (clang-700.1.81)
Target: x86_64-apple-darwin15.4.0
Thread model: posix
Configured with: --prefix=/Applications/Xcode.app/Contents/Developer/usr --with-gxx-include-dir=/Applications/Xcode.app/Contents/Developer/Platforms/MacOSX.platform/Developer/SDKs/MacOSX10.11.sdk/usr/include/c++/4.2.1
configure:3956: $? = 0
configure:3945: g++ -v >&5
Configured with: --prefix=/Applications/Xcode.app/Contents/Developer/usr --with-gxx-include-dir=/Applications/Xcode.app/Contents/Developer/Platforms/MacOSX.platform/Developer/SDKs/MacOSX10.11.sdk/usr/include/c++/4.2.1
Apple LLVM version 7.0.2 (clang-700.1.81)
Target: x86_64-apple-darwin15.4.0
Thread model: posix
configure:3956: $? = 0
configure:3945: g++ -V >&5
clang: error: argument to '-V' is missing (expected 1 value)
clang: error: no input files
configure:3956: $? = 1
configure:3945: g++ -qversion >&5
clang: error: unknown argument: '-qversion'
clang: error: no input files
configure:3956: $? = 1
configure:3960: checking whether we are using the GNU C++ compiler
configure:3979: g++ -c -O2 -DNDEBUG  conftest.cpp >&5
configure:3979: $? = 0
configure:3988: result: yes
configure:3997: checking whether g++ accepts -g
configure:4017: g++ -c -g  conftest.cpp >&5
configure:4017: $? = 0
configure:4058: result: yes
configure:4083: checking dependency style of g++
configure:4194: result: gcc3
configure:4217: checking whether g++ supports C++11 features by default
configure:4241: g++ -c -O2 -DNDEBUG  conftest.cpp >&5
conftest.cpp:15:21: error: expected parameter declarator
      static_assert(sizeof(int) <= sizeof(T), "not big enough");
                    ^
conftest.cpp:15:21: error: expected ')'
conftest.cpp:15:20: note: to match this '('
      static_assert(sizeof(int) <= sizeof(T), "not big enough");
                   ^
conftest.cpp:15:7: error: C++ requires a type specifier for all declarations
      static_assert(sizeof(int) <= sizeof(T), "not big enough");
      ^
conftest.cpp:18:29: error: a space is required between consecutive right angle brackets (use '> >')
    typedef check<check<bool>> right_angle_brackets;
                            ^~
                            > >
conftest.cpp:21:5: error: unknown type name 'decltype'
    decltype(a) b;
    ^
conftest.cpp:21:16: error: expected ';' after top level declarator
    decltype(a) b;
               ^
               ;
conftest.cpp:25:15: warning: rvalue references are a C++11 extension [-Wc++11-extensions]
    check_type&& cr = static_cast<check_type&&>(c);
              ^
conftest.cpp:25:45: warning: rvalue references are a C++11 extension [-Wc++11-extensions]
    check_type&& cr = static_cast<check_type&&>(c);
                                            ^
2 warnings and 6 errors generated.
configure:4241: $? = 1
configure: failed program was:
| /* confdefs.h */
| #define PACKAGE_NAME "Capn Proto"
| #define PACKAGE_TARNAME "capnproto-c++"
| #define PACKAGE_VERSION "0.2-dev"
| #define PACKAGE_STRING "Capn Proto 0.2-dev"
| #define PACKAGE_BUGREPORT "capnproto@googlegroups.com"
| #define PACKAGE_URL ""
| #define PACKAGE "capnproto-c++"
| #define VERSION "0.2-dev"
| /* end confdefs.h.  */
| 
|   template <typename T>
|     struct check
|     {
|       static_assert(sizeof(int) <= sizeof(T), "not big enough");
|     };
| 
|     typedef check<check<bool>> right_angle_brackets;
| 
|     int a;
|     decltype(a) b;
| 
|     typedef check<int> check_type;
|     check_type c;
|     check_type&& cr = static_cast<check_type&&>(c);
| 
configure:4248: result: no
configure:4259: checking whether g++ supports C++11 features with -std=c++11
configure:4285: g++ -std=c++11 -c -O2 -DNDEBUG  conftest.cpp >&5
configure:4285: $? = 0
configure:4294: result: yes
configure:4308: checking whether g++ -std=c++11 supports C++11 library features by default
configure:4322: g++ -std=c++11 -c -O2 -DNDEBUG  conftest.cpp >&5
configure:4322: $? = 0
configure:4330: result: yes
configure:4378: checking build system type
configure:4392: result: x86_64-apple-darwin15.4.0
configure:4412: checking host system type
configure:4425: result: x86_64-apple-darwin15.4.0
configure:4611: checking for the pthreads library -lpthreads
configure:4644: gcc -o conftest -O2 -DNDEBUG    conftest.c -lpthreads  >&5
ld: library not found for -lpthreads
clang: error: linker command failed with exit code 1 (use -v to see invocation)
configure:4644: $? = 1
configure: failed program was:
| /* confdefs.h */
| #define PACKAGE_NAME "Capn Proto"
| #define PACKAGE_TARNAME "capnproto-c++"
| #define PACKAGE_VERSION "0.2-dev"
| #define PACKAGE_STRING "Capn Proto 0.2-dev"
| #define PACKAGE_BUGREPORT "capnproto@googlegroups.com"
| #define PACKAGE_URL ""
| #define PACKAGE "capnproto-c++"
| #define VERSION "0.2-dev"
| /* end confdefs.h.  */
| #include <pthread.h>
| int
| main ()
| {
| pthread_t th; pthread_join(th, 0);
|                      pthread_attr_init(0); pthread_cleanup_push(0, 0);
|                      pthread_create(0,0,0,0); pthread_cleanup_pop(0);
|   ;
|   return 0;
| }
configure:4653: result: no
configure:4556: checking whether pthreads work without any flags
configure:4644: gcc -o conftest -O2 -DNDEBUG    conftest.c   >&5
configure:4644: $? = 0
configure:4653: result: yes
configure:4672: checking for joinable pthread attribute
configure:4687: gcc -o conftest -O2 -DNDEBUG    conftest.c   >&5
configure:4687: $? = 0
configure:4693: result: PTHREAD_CREATE_JOINABLE
configure:4703: checking if more special flags are required for pthreads
configure:4710: result: -D_THREAD_SAFE
configure:4799: checking whether to check for GCC pthread/shared inconsistencies
configure:4812: gcc -o conftest -shared -fPIC -Wl,-z,defs -O2 -DNDEBUG -D_THREAD_SAFE    conftest.c   >&5
ld: unknown option: -z
clang: error: linker command failed with exit code 1 (use -v to see invocation)
configure:4812: $? = 1
configure: failed program was:
| /* confdefs.h */
| #define PACKAGE_NAME "Capn Proto"
| #define PACKAGE_TARNAME "capnproto-c++"
| #define PACKAGE_VERSION "0.2-dev"
| #define PACKAGE_STRING "Capn Proto 0.2-dev"
| #define PACKAGE_BUGREPORT "capnproto@googlegroups.com"
| #define PACKAGE_URL ""
| #define PACKAGE "capnproto-c++"
| #define VERSION "0.2-dev"
| /* end confdefs.h.  */
| 
| int
| main ()
| {
| 
|   ;
|   return 0;
| }
configure:4821: result: no
configure:5014: checking how to print strings
configure:5041: result: printf
configure:5062: checking for a sed that does not truncate output
configure:5126: result: /usr/bin/sed
configure:5144: checking for grep that handles long lines and -e
configure:5202: result: /usr/bin/grep
configure:5207: checking for egrep
configure:5269: result: /usr/bin/grep -E
configure:5274: checking for fgrep
configure:5336: result: /usr/bin/grep -F
configure:5371: checking for ld used by gcc
configure:5438: result: /Applications/Xcode.app/Contents/Developer/Toolchains/XcodeDefault.xctoolchain/usr/bin/ld
configure:5445: checking if the linker (/Applications/Xcode.app/Contents/Developer/Toolchains/XcodeDefault.xctoolchain/usr/bin/ld) is GNU ld
configure:5460: result: no
configure:5472: checking for BSD- or MS-compatible name lister (nm)
configure:5521: result: /usr/bin/nm
configure:5651: checking the name lister (/usr/bin/nm) interface
configure:5658: g++ -std=c++11 -c -O2 -DNDEBUG  conftest.cpp >&5
configure:5661: /usr/bin/nm "conftest.o"
configure:5664: output
0000000000000000 S _some_variable
configure:5671: result: BSD nm
configure:5674: checking whether ln -s works
configure:5678: result: yes
configure:5686: checking the maximum length of command line arguments
configure:5816: result: 196608
configure:5833: checking whether the shell understands some XSI constructs
configure:5843: result: yes
configure:5847: checking whether the shell understands "+="
configure:5853: result: yes
configure:5888: checking how to convert x86_64-apple-darwin15.4.0 file names to x86_64-apple-darwin15.4.0 format
configure:5928: result: func_convert_file_noop
configure:5935: checking how to convert x86_64-apple-darwin15.4.0 file names to toolchain format
configure:5955: result: func_convert_file_noop
configure:5962: checking for /Applications/Xcode.app/Contents/Developer/Toolchains/XcodeDefault.xctoolchain/usr/bin/ld option to reload object files
configure:5969: result: -r
configure:6043: checking for objdump
configure:6073: result: no
configure:6102: checking how to recognize dependent libraries
configure:6304: result: pass_all
configure:6389: checking for dlltool
configure:6419: result: no
configure:6449: checking how to associate runtime and link libraries
configure:6476: result: printf %s\n
configure:6536: checking for ar
configure:6552: found /usr/bin/ar
configure:6563: result: ar
configure:6600: checking for archiver @FILE support
configure:6617: g++ -std=c++11 -c -O2 -DNDEBUG  conftest.cpp >&5
configure:6617: $? = 0
configure:6620: ar cru libconftest.a @conftest.lst >&5
ar: @conftest.lst: No such file or directory
configure:6623: $? = 1
configure:6643: result: no
configure:6701: checking for strip
configure:6717: found /usr/bin/strip
configure:6728: result: strip
configure:6800: checking for ranlib
configure:6816: found /usr/bin/ranlib
configure:6827: result: ranlib
configure:6929: checking command to parse /usr/bin/nm output from gcc object
configure:7049: g++ -std=c++11 -c -O2 -DNDEBUG  conftest.cpp >&5
configure:7052: $? = 0
configure:7056: /usr/bin/nm conftest.o \| sed -n -e 's/^.*[ ]\([BCDEGRST][BCDEGRST]*\)[ ][ ]*\([_A-Za-z][_A-Za-z0-9]*\)$/\1 \2 \2/p' | sed '/ __gnu_lto/d' \> conftest.nm
configure:7059: $? = 0
cannot find nm_test_var in conftest.nm
configure:7049: g++ -std=c++11 -c -O2 -DNDEBUG  conftest.cpp >&5
configure:7052: $? = 0
configure:7056: /usr/bin/nm conftest.o \| sed -n -e 's/^.*[ ]\([BCDEGRST][BCDEGRST]*\)[ ][ ]*_\([_A-Za-z][_A-Za-z0-9]*\)$/\1 _\2 \2/p' | sed '/ __gnu_lto/d' \> conftest.nm
configure:7059: $? = 0
configure:7125: g++ -std=c++11 -o conftest -O2 -DNDEBUG   conftest.cpp conftstm.o >&5
configure:7128: $? = 0
configure:7166: result: ok
configure:7203: checking for sysroot
configure:7233: result: no
configure:7489: checking for mt
configure:7519: result: no
configure:7539: checking if : is a manifest tool
configure:7545: : '-?'
configure:7553: result: no
configure:7609: checking for dsymutil
configure:7625: found /usr/bin/dsymutil
configure:7636: result: dsymutil
configure:7701: checking for nmedit
configure:7717: found /usr/bin/nmedit
configure:7728: result: nmedit
configure:7793: checking for lipo
configure:7809: found /usr/bin/lipo
configure:7820: result: lipo
configure:7885: checking for otool
configure:7901: found /usr/bin/otool
configure:7912: result: otool
configure:7977: checking for otool64
configure:8007: result: no
configure:8052: checking for -single_module linker flag
gcc -O2 -DNDEBUG  -o libconftest.dylib -dynamiclib -Wl,-single_module conftest.c
configure:8085: result: yes
configure:8088: checking for -exported_symbols_list linker flag
configure:8108: g++ -std=c++11 -o conftest -O2 -DNDEBUG   -Wl,-exported_symbols_list,conftest.sym conftest.cpp  >&5
configure:8108: $? = 0
configure:8118: result: yes
configure:8121: checking for -force_load linker flag
gcc -O2 -DNDEBUG -c -o conftest.o conftest.c
ar cru libconftest.a conftest.o
ranlib libconftest.a
gcc -O2 -DNDEBUG  -o conftest conftest.c -Wl,-force_load,./libconftest.a
configure:8153: result: yes
configure:8195: checking how to run the C preprocessor
configure:8226: gcc -E  conftest.c
configure:8226: $? = 0
configure:8240: gcc -E  conftest.c
conftest.c:12:10: fatal error: 'ac_nonexistent.h' file not found
#include <ac_nonexistent.h>
         ^
1 error generated.
configure:8240: $? = 1
configure: failed program was:
| /* confdefs.h */
| #define PACKAGE_NAME "Capn Proto"
| #define PACKAGE_TARNAME "capnproto-c++"
| #define PACKAGE_VERSION "0.2-dev"
| #define PACKAGE_STRING "Capn Proto 0.2-dev"
| #define PACKAGE_BUGREPORT "capnproto@googlegroups.com"
| #define PACKAGE_URL ""
| #define PACKAGE "capnproto-c++"
| #define VERSION "0.2-dev"
| #define HAVE_PTHREAD 1
| /* end confdefs.h.  */
| #include <ac_nonexistent.h>
configure:8265: result: gcc -E
configure:8285: gcc -E  conftest.c
configure:8285: $? = 0
configure:8299: gcc -E  conftest.c
conftest.c:12:10: fatal error: 'ac_nonexistent.h' file not found
#include <ac_nonexistent.h>
         ^
1 error generated.
configure:8299: $? = 1
configure: failed program was:
| /* confdefs.h */
| #define PACKAGE_NAME "Capn Proto"
| #define PACKAGE_TARNAME "capnproto-c++"
| #define PACKAGE_VERSION "0.2-dev"
| #define PACKAGE_STRING "Capn Proto 0.2-dev"
| #define PACKAGE_BUGREPORT "capnproto@googlegroups.com"
| #define PACKAGE_URL ""
| #define PACKAGE "capnproto-c++"
| #define VERSION "0.2-dev"
| #define HAVE_PTHREAD 1
| /* end confdefs.h.  */
| #include <ac_nonexistent.h>
configure:8328: checking for ANSI C header files
configure:8348: gcc -c -O2 -DNDEBUG  conftest.c >&5
configure:8348: $? = 0
configure:8421: gcc -o conftest -O2 -DNDEBUG   conftest.c  >&5
configure:8421: $? = 0
configure:8421: ./conftest
configure:8421: $? = 0
configure:8432: result: yes
configure:8445: checking for sys/types.h
configure:8445: gcc -c -O2 -DNDEBUG  conftest.c >&5
configure:8445: $? = 0
configure:8445: result: yes
configure:8445: checking for sys/stat.h
configure:8445: gcc -c -O2 -DNDEBUG  conftest.c >&5
configure:8445: $? = 0
configure:8445: result: yes
configure:8445: checking for stdlib.h
configure:8445: gcc -c -O2 -DNDEBUG  conftest.c >&5
configure:8445: $? = 0
configure:8445: result: yes
configure:8445: checking for string.h
configure:8445: gcc -c -O2 -DNDEBUG  conftest.c >&5
configure:8445: $? = 0
configure:8445: result: yes
configure:8445: checking for memory.h
configure:8445: gcc -c -O2 -DNDEBUG  conftest.c >&5
configure:8445: $? = 0
configure:8445: result: yes
configure:8445: checking for strings.h
configure:8445: gcc -c -O2 -DNDEBUG  conftest.c >&5
configure:8445: $? = 0
configure:8445: result: yes
configure:8445: checking for inttypes.h
configure:8445: gcc -c -O2 -DNDEBUG  conftest.c >&5
configure:8445: $? = 0
configure:8445: result: yes
configure:8445: checking for stdint.h
configure:8445: gcc -c -O2 -DNDEBUG  conftest.c >&5
configure:8445: $? = 0
configure:8445: result: yes
configure:8445: checking for unistd.h
configure:8445: gcc -c -O2 -DNDEBUG  conftest.c >&5
configure:8445: $? = 0
configure:8445: result: yes
configure:8459: checking for dlfcn.h
configure:8459: gcc -c -O2 -DNDEBUG  conftest.c >&5
configure:8459: $? = 0
configure:8459: result: yes
configure:8675: checking for objdir
configure:8690: result: .libs
configure:8961: checking if gcc supports -fno-rtti -fno-exceptions
configure:8979: gcc -c -O2 -DNDEBUG  -fno-rtti -fno-exceptions conftest.c >&5
configure:8983: $? = 0
configure:8996: result: yes
configure:9323: checking for gcc option to produce PIC
configure:9330: result: -fno-common -DPIC
configure:9338: checking if gcc PIC flag -fno-common -DPIC works
configure:9356: gcc -c -O2 -DNDEBUG  -fno-common -DPIC -DPIC conftest.c >&5
configure:9360: $? = 0
configure:9373: result: yes
configure:9402: checking if gcc static flag -static works
configure:9430: result: no
configure:9445: checking if gcc supports -c -o file.o
configure:9466: gcc -c -O2 -DNDEBUG  -o out/conftest2.o conftest.c >&5
configure:9470: $? = 0
configure:9492: result: yes
configure:9500: checking if gcc supports -c -o file.o
configure:9547: result: yes
configure:9580: checking whether the gcc linker (/Applications/Xcode.app/Contents/Developer/Toolchains/XcodeDefault.xctoolchain/usr/bin/ld) supports shared libraries
configure:10733: result: yes
configure:10973: checking dynamic linker characteristics
configure:11706: result: darwin15.4.0 dyld
configure:11813: checking how to hardcode library paths into programs
configure:11838: result: immediate
configure:12378: checking whether stripping libraries is possible
configure:12392: result: yes
configure:12418: checking if libtool supports shared libraries
configure:12420: result: yes
configure:12423: checking whether to build shared libraries
configure:12444: result: yes
configure:12447: checking whether to build static libraries
configure:12451: result: yes
configure:12474: checking how to run the C++ preprocessor
configure:12501: g++ -std=c++11 -E  conftest.cpp
configure:12501: $? = 0
configure:12515: g++ -std=c++11 -E  conftest.cpp
conftest.cpp:24:10: fatal error: 'ac_nonexistent.h' file not found
#include <ac_nonexistent.h>
         ^
1 error generated.
configure:12515: $? = 1
configure: failed program was:
| /* confdefs.h */
| #define PACKAGE_NAME "Capn Proto"
| #define PACKAGE_TARNAME "capnproto-c++"
| #define PACKAGE_VERSION "0.2-dev"
| #define PACKAGE_STRING "Capn Proto 0.2-dev"
| #define PACKAGE_BUGREPORT "capnproto@googlegroups.com"
| #define PACKAGE_URL ""
| #define PACKAGE "capnproto-c++"
| #define VERSION "0.2-dev"
| #define HAVE_PTHREAD 1
| #define STDC_HEADERS 1
| #define HAVE_SYS_TYPES_H 1
| #define HAVE_SYS_STAT_H 1
| #define HAVE_STDLIB_H 1
| #define HAVE_STRING_H 1
| #define HAVE_MEMORY_H 1
| #define HAVE_STRINGS_H 1
| #define HAVE_INTTYPES_H 1
| #define HAVE_STDINT_H 1
| #define HAVE_UNISTD_H 1
| #define HAVE_DLFCN_H 1
| #define LT_OBJDIR ".libs/"
| /* end confdefs.h.  */
| #include <ac_nonexistent.h>
configure:12540: result: g++ -std=c++11 -E
configure:12560: g++ -std=c++11 -E  conftest.cpp
configure:12560: $? = 0
configure:12574: g++ -std=c++11 -E  conftest.cpp
conftest.cpp:24:10: fatal error: 'ac_nonexistent.h' file not found
#include <ac_nonexistent.h>
         ^
1 error generated.
configure:12574: $? = 1
configure: failed program was:
| /* confdefs.h */
| #define PACKAGE_NAME "Capn Proto"
| #define PACKAGE_TARNAME "capnproto-c++"
| #define PACKAGE_VERSION "0.2-dev"
| #define PACKAGE_STRING "Capn Proto 0.2-dev"
| #define PACKAGE_BUGREPORT "capnproto@googlegroups.com"
| #define PACKAGE_URL ""
| #define PACKAGE "capnproto-c++"
| #define VERSION "0.2-dev"
| #define HAVE_PTHREAD 1
| #define STDC_HEADERS 1
| #define HAVE_SYS_TYPES_H 1
| #define HAVE_SYS_STAT_H 1
| #define HAVE_STDLIB_H 1
| #define HAVE_STRING_H 1
| #define HAVE_MEMORY_H 1
| #define HAVE_STRINGS_H 1
| #define HAVE_INTTYPES_H 1
| #define HAVE_STDINT_H 1
| #define HAVE_UNISTD_H 1
| #define HAVE_DLFCN_H 1
| #define LT_OBJDIR ".libs/"
| /* end confdefs.h.  */
| #include <ac_nonexistent.h>
configure:12743: checking for ld used by g++ -std=c++11
configure:12810: result: /Applications/Xcode.app/Contents/Developer/Toolchains/XcodeDefault.xctoolchain/usr/bin/ld
configure:12817: checking if the linker (/Applications/Xcode.app/Contents/Developer/Toolchains/XcodeDefault.xctoolchain/usr/bin/ld) is GNU ld
configure:12832: result: no
configure:12887: checking whether the g++ -std=c++11 linker (/Applications/Xcode.app/Contents/Developer/Toolchains/XcodeDefault.xctoolchain/usr/bin/ld) supports shared libraries
configure:13892: result: yes
configure:13928: g++ -std=c++11 -c -O2 -DNDEBUG  conftest.cpp >&5
configure:13931: $? = 0
configure:14451: checking for g++ -std=c++11 option to produce PIC
configure:14458: result: -fno-common -DPIC
configure:14466: checking if g++ -std=c++11 PIC flag -fno-common -DPIC works
configure:14484: g++ -std=c++11 -c -O2 -DNDEBUG  -fno-common -DPIC -DPIC conftest.cpp >&5
configure:14488: $? = 0
configure:14501: result: yes
configure:14524: checking if g++ -std=c++11 static flag -static works
configure:14552: result: no
configure:14564: checking if g++ -std=c++11 supports -c -o file.o
configure:14585: g++ -std=c++11 -c -O2 -DNDEBUG  -o out/conftest2.o conftest.cpp >&5
configure:14589: $? = 0
configure:14611: result: yes
configure:14616: checking if g++ -std=c++11 supports -c -o file.o
configure:14663: result: yes
configure:14693: checking whether the g++ -std=c++11 linker (/Applications/Xcode.app/Contents/Developer/Toolchains/XcodeDefault.xctoolchain/usr/bin/ld) supports shared libraries
configure:14729: result: yes
configure:14870: checking dynamic linker characteristics
configure:15537: result: darwin15.4.0 dyld
configure:15590: checking how to hardcode library paths into programs
configure:15615: result: immediate
configure:15800: checking that generated files are newer than configure
configure:15806: result: done
configure:15833: creating ./config.status

## ---------------------- ##
## Running config.status. ##
## ---------------------- ##

This file was extended by Capn Proto config.status 0.2-dev, which was
generated by GNU Autoconf 2.69.  Invocation command line was

  CONFIG_FILES    = 
  CONFIG_HEADERS  = 
  CONFIG_LINKS    = 
  CONFIG_COMMANDS = 
  $ ./config.status 

on imac.home

config.status:1147: creating Makefile
config.status:1147: creating config.h
config.status:1328: config.h is unchanged
config.status:1376: executing depfiles commands
config.status:1376: executing libtool commands
configure:18388: === configuring in gtest (/Users/meeloo/work/capnproto/c++/gtest)
configure:18451: running /bin/sh ./configure --disable-option-checking '--prefix=/usr/local'  'CXX=g++ -std=c++11' --cache-file=/dev/null --srcdir=.

## ---------------- ##
## Cache variables. ##
## ---------------- ##

ac_cv_build=x86_64-apple-darwin15.4.0
ac_cv_c_compiler_gnu=yes
ac_cv_cxx_compiler_gnu=yes
ac_cv_env_CCC_set=
ac_cv_env_CCC_value=
ac_cv_env_CC_set=
ac_cv_env_CC_value=
ac_cv_env_CFLAGS_set=
ac_cv_env_CFLAGS_value=
ac_cv_env_CPPFLAGS_set=
ac_cv_env_CPPFLAGS_value=
ac_cv_env_CPP_set=
ac_cv_env_CPP_value=
ac_cv_env_CXXCPP_set=
ac_cv_env_CXXCPP_value=
ac_cv_env_CXXFLAGS_set=
ac_cv_env_CXXFLAGS_value=
ac_cv_env_CXX_set=
ac_cv_env_CXX_value=
ac_cv_env_LDFLAGS_set=
ac_cv_env_LDFLAGS_value=
ac_cv_env_LIBS_set=
ac_cv_env_LIBS_value=
ac_cv_env_build_alias_set=
ac_cv_env_build_alias_value=
ac_cv_env_host_alias_set=
ac_cv_env_host_alias_value=
ac_cv_env_target_alias_set=
ac_cv_env_target_alias_value=
ac_cv_header_dlfcn_h=yes
ac_cv_header_inttypes_h=yes
ac_cv_header_memory_h=yes
ac_cv_header_stdc=yes
ac_cv_header_stdint_h=yes
ac_cv_header_stdlib_h=yes
ac_cv_header_string_h=yes
ac_cv_header_strings_h=yes
ac_cv_header_sys_stat_h=yes
ac_cv_header_sys_types_h=yes
ac_cv_header_unistd_h=yes
ac_cv_host=x86_64-apple-darwin15.4.0
ac_cv_objext=o
ac_cv_path_EGREP='/usr/bin/grep -E'
ac_cv_path_FGREP='/usr/bin/grep -F'
ac_cv_path_GREP=/usr/bin/grep
ac_cv_path_SED=/usr/bin/sed
ac_cv_path_install='/usr/bin/install -c'
ac_cv_prog_AWK=awk
ac_cv_prog_CPP='gcc -E'
ac_cv_prog_CXXCPP='g++ -std=c++11 -E'
ac_cv_prog_ac_ct_AR=ar
ac_cv_prog_ac_ct_CC=gcc
ac_cv_prog_ac_ct_CXX=g++
ac_cv_prog_ac_ct_DSYMUTIL=dsymutil
ac_cv_prog_ac_ct_LIPO=lipo
ac_cv_prog_ac_ct_NMEDIT=nmedit
ac_cv_prog_ac_ct_OTOOL=otool
ac_cv_prog_ac_ct_RANLIB=ranlib
ac_cv_prog_ac_ct_STRIP=strip
ac_cv_prog_cc_c89=
ac_cv_prog_cc_g=yes
ac_cv_prog_cxx_g=yes
ac_cv_prog_make_make_set=yes
am_cv_CC_dependencies_compiler_type=gcc3
am_cv_CXX_dependencies_compiler_type=gcc3
am_cv_make_support_nested_variables=yes
ax_cv_cxx_compile_cxx11=no
ax_cv_cxx_compile_cxx11__std_cpp11=yes
ax_cv_cxx_compile_cxx11_lib=yes
lt_cv_apple_cc_single_mod=yes
lt_cv_ar_at_file=no
lt_cv_deplibs_check_method=pass_all
lt_cv_file_magic_cmd='$MAGIC_CMD'
lt_cv_file_magic_test_file=
lt_cv_ld_exported_symbols_list=yes
lt_cv_ld_force_load=yes
lt_cv_ld_reload_flag=-r
lt_cv_nm_interface='BSD nm'
lt_cv_objdir=.libs
lt_cv_path_LD=/Applications/Xcode.app/Contents/Developer/Toolchains/XcodeDefault.xctoolchain/usr/bin/ld
lt_cv_path_LDCXX=/Applications/Xcode.app/Contents/Developer/Toolchains/XcodeDefault.xctoolchain/usr/bin/ld
lt_cv_path_NM=/usr/bin/nm
lt_cv_path_mainfest_tool=no
lt_cv_prog_compiler_c_o=yes
lt_cv_prog_compiler_c_o_CXX=yes
lt_cv_prog_compiler_pic='-fno-common -DPIC'
lt_cv_prog_compiler_pic_CXX='-fno-common -DPIC'
lt_cv_prog_compiler_pic_works=yes
lt_cv_prog_compiler_pic_works_CXX=yes
lt_cv_prog_compiler_rtti_exceptions=yes
lt_cv_prog_compiler_static_works=no
lt_cv_prog_compiler_static_works_CXX=no
lt_cv_prog_gnu_ld=no
lt_cv_prog_gnu_ldcxx=no
lt_cv_sharedlib_from_linklib_cmd='printf %s\n'
lt_cv_sys_global_symbol_pipe='sed -n -e '\''s/^.*[	 ]\([BCDEGRST][BCDEGRST]*\)[	 ][	 ]*_\([_A-Za-z][_A-Za-z0-9]*\)$/\1 _\2 \2/p'\'' | sed '\''/ __gnu_lto/d'\'''
lt_cv_sys_global_symbol_to_c_name_address='sed -n -e '\''s/^: \([^ ]*\)[ ]*$/  {\"\1\", (void *) 0},/p'\'' -e '\''s/^[BCDEGRST]* \([^ ]*\) \([^ ]*\)$/  {"\2", (void *) \&\2},/p'\'''
lt_cv_sys_global_symbol_to_c_name_address_lib_prefix='sed -n -e '\''s/^: \([^ ]*\)[ ]*$/  {\"\1\", (void *) 0},/p'\'' -e '\''s/^[BCDEGRST]* \([^ ]*\) \(lib[^ ]*\)$/  {"\2", (void *) \&\2},/p'\'' -e '\''s/^[BCDEGRST]* \([^ ]*\) \([^ ]*\)$/  {"lib\2", (void *) \&\2},/p'\'''
lt_cv_sys_global_symbol_to_cdecl='sed -n -e '\''s/^T .* \(.*\)$/extern int \1();/p'\'' -e '\''s/^[BCDEGRST]* .* \(.*\)$/extern char \1;/p'\'''
lt_cv_sys_max_cmd_len=196608
lt_cv_to_host_file_cmd=func_convert_file_noop
lt_cv_to_tool_file_cmd=func_convert_file_noop

## ----------------- ##
## Output variables. ##
## ----------------- ##

ACLOCAL='${SHELL} /Users/meeloo/work/capnproto/c++/build-aux/missing aclocal-1.13'
AMDEPBACKSLASH='\'
AMDEP_FALSE='#'
AMDEP_TRUE=''
AMTAR='$${TAR-tar}'
AM_BACKSLASH='\'
AM_DEFAULT_V='$(AM_DEFAULT_VERBOSITY)'
AM_DEFAULT_VERBOSITY='1'
AM_V='$(V)'
AR='ar'
AUTOCONF='${SHELL} /Users/meeloo/work/capnproto/c++/build-aux/missing autoconf'
AUTOHEADER='${SHELL} /Users/meeloo/work/capnproto/c++/build-aux/missing autoheader'
AUTOMAKE='${SHELL} /Users/meeloo/work/capnproto/c++/build-aux/missing automake-1.13'
AWK='awk'
CAPNPC='capnpc'
CC='gcc'
CCDEPMODE='depmode=gcc3'
CFLAGS='-O2 -DNDEBUG'
CPP='gcc -E'
CPPFLAGS=''
CXX='g++ -std=c++11'
CXXCPP='g++ -std=c++11 -E'
CXXDEPMODE='depmode=gcc3'
CXXFLAGS='-O2 -DNDEBUG -D_THREAD_SAFE '
CYGPATH_W='echo'
DEFS='-DHAVE_CONFIG_H'
DEPDIR='.deps'
DLLTOOL='false'
DSYMUTIL='dsymutil'
DUMPBIN=''
ECHO_C='\c'
ECHO_N=''
ECHO_T=''
EGREP='/usr/bin/grep -E'
EXEEXT=''
FGREP='/usr/bin/grep -F'
GREP='/usr/bin/grep'
INSTALL_DATA='${INSTALL} -m 644'
INSTALL_PROGRAM='${INSTALL}'
INSTALL_SCRIPT='${INSTALL}'
INSTALL_STRIP_PROGRAM='$(install_sh) -c -s'
LD='/Applications/Xcode.app/Contents/Developer/Toolchains/XcodeDefault.xctoolchain/usr/bin/ld'
LDFLAGS=''
LIBOBJS=''
LIBS=' '
LIBTOOL='$(SHELL) $(top_builddir)/libtool'
LIPO='lipo'
LN_S='ln -s'
LTLIBOBJS=''
MAKEINFO='${SHELL} /Users/meeloo/work/capnproto/c++/build-aux/missing makeinfo'
MANIFEST_TOOL=':'
MKDIR_P='build-aux/install-sh -c -d'
NM='/usr/bin/nm'
NMEDIT='nmedit'
OBJDUMP='false'
OBJEXT='o'
OTOOL64=':'
OTOOL='otool'
PACKAGE='capnproto-c++'
PACKAGE_BUGREPORT='capnproto@googlegroups.com'
PACKAGE_NAME='Capn Proto'
PACKAGE_STRING='Capn Proto 0.2-dev'
PACKAGE_TARNAME='capnproto-c++'
PACKAGE_URL=''
PACKAGE_VERSION='0.2-dev'
PATH_SEPARATOR=':'
PTHREAD_CC='gcc'
PTHREAD_CFLAGS='-D_THREAD_SAFE '
PTHREAD_LIBS=''
RANLIB='ranlib'
SED='/usr/bin/sed'
SET_MAKE=''
SHELL='/bin/sh'
STRIP='strip'
VERSION='0.2-dev'
ac_ct_AR='ar'
ac_ct_CC='gcc'
ac_ct_CXX='g++'
ac_ct_DUMPBIN=''
acx_pthread_config=''
am__EXEEXT_FALSE=''
am__EXEEXT_TRUE='#'
am__fastdepCC_FALSE='#'
am__fastdepCC_TRUE=''
am__fastdepCXX_FALSE='#'
am__fastdepCXX_TRUE=''
am__include='include'
am__isrc=''
am__leading_dot='.'
am__nodep='_no'
am__quote=''
am__tar='$${TAR-tar} chof - "$$tardir"'
am__untar='$${TAR-tar} xf -'
bindir='${exec_prefix}/bin'
build='x86_64-apple-darwin15.4.0'
build_alias=''
build_cpu='x86_64'
build_os='darwin15.4.0'
build_vendor='apple'
datadir='${datarootdir}'
datarootdir='${prefix}/share'
docdir='${datarootdir}/doc/${PACKAGE_TARNAME}'
dvidir='${docdir}'
exec_prefix='${prefix}'
host='x86_64-apple-darwin15.4.0'
host_alias=''
host_cpu='x86_64'
host_os='darwin15.4.0'
host_vendor='apple'
htmldir='${docdir}'
includedir='${prefix}/include'
infodir='${datarootdir}/info'
install_sh='${SHELL} /Users/meeloo/work/capnproto/c++/build-aux/install-sh'
libdir='${exec_prefix}/lib'
libexecdir='${exec_prefix}/libexec'
localedir='${datarootdir}/locale'
localstatedir='${prefix}/var'
mandir='${datarootdir}/man'
mkdir_p='$(MKDIR_P)'
oldincludedir='/usr/include'
pdfdir='${docdir}'
prefix='/usr/local'
program_transform_name='s,x,x,'
psdir='${docdir}'
sbindir='${exec_prefix}/sbin'
sharedstatedir='${prefix}/com'
subdirs=' gtest'
sysconfdir='${prefix}/etc'
target_alias=''

## ----------- ##
## confdefs.h. ##
## ----------- ##

/* confdefs.h */
#define PACKAGE_NAME "Capn Proto"
#define PACKAGE_TARNAME "capnproto-c++"
#define PACKAGE_VERSION "0.2-dev"
#define PACKAGE_STRING "Capn Proto 0.2-dev"
#define PACKAGE_BUGREPORT "capnproto@googlegroups.com"
#define PACKAGE_URL ""
#define PACKAGE "capnproto-c++"
#define VERSION "0.2-dev"
#define HAVE_PTHREAD 1
#define STDC_HEADERS 1
#define HAVE_SYS_TYPES_H 1
#define HAVE_SYS_STAT_H 1
#define HAVE_STDLIB_H 1
#define HAVE_STRING_H 1
#define HAVE_MEMORY_H 1
#define HAVE_STRINGS_H 1
#define HAVE_INTTYPES_H 1
#define HAVE_STDINT_H 1
#define HAVE_UNISTD_H 1
#define HAVE_DLFCN_H 1
#define LT_OBJDIR ".libs/"

configure: exit 0
